<?xml version="1.0" encoding="UTF-8"?>
<testsuite xmlns:xsi="http://www.w3.org/2001/XMLSchema-instance" xsi:noNamespaceSchemaLocation="https://maven.apache.org/surefire/maven-surefire-plugin/xsd/surefire-test-report-3.0.xsd" version="3.0" name="com.bibusukraine.weatherforecastapi.WeatherForecastApiApplicationTests" time="6.23" tests="1" errors="0" skipped="0" failures="0">
  <properties>
[...]
</properties>
  <testcase name="contextLoads" classname="com.bibusukraine.weatherforecastapi.WeatherForecastApiApplicationTests" time="0.896">
    <system-out><![CDATA[16:05:06.422 [main] INFO org.springframework.test.context.support.AnnotationConfigContextLoaderUtils -- Could not detect default configuration classes for test class [com.bibusukraine.weatherforecastapi.WeatherForecastApiApplicationTests]: WeatherForecastApiApplicationTests does not declare any static, non-private, non-final, nested classes annotated with @Configuration.
16:05:06.568 [main] INFO org.springframework.boot.test.context.SpringBootTestContextBootstrapper -- Found @SpringBootConfiguration com.bibusukraine.weatherforecastapi.WeatherForecastApiApplication for test class com.bibusukraine.weatherforecastapi.WeatherForecastApiApplicationTests

  .   ____          _            __ _ _
 /\\ / ___'_ __ _ _(_)_ __  __ _ \ \ \ \
( ( )\___ | '_ | '_| | '_ \/ _` | \ \ \ \
 \\/  ___)| |_)| | | | | || (_| |  ) ) ) )
  '  |____| .__|_| |_|_| |_\__, | / / / /
 =========|_|==============|___/=/_/_/_/
 :: Spring Boot ::                (v3.2.2)

2024-02-02T16:05:08.159+02:00  INFO 10020 --- [           main] c.b.w.WeatherForecastApiApplicationTests : Starting WeatherForecastApiApplicationTests using Java 21.0.1 with PID 10020 (started by Dima in C:\Users\Dima\Desktop\weather-forecast-api)
2024-02-02T16:05:08.160+02:00  INFO 10020 --- [           main] c.b.w.WeatherForecastApiApplicationTests : No active profile set, falling back to 1 default profile: "default"
2024-02-02T16:05:09.312+02:00  INFO 10020 --- [           main] o.s.cloud.context.scope.GenericScope     : BeanFactory id=12698e2d-f396-3811-928d-18d0e12ce5cf
2024-02-02T16:05:11.476+02:00  INFO 10020 --- [           main] o.s.cloud.commons.util.InetUtils         : Cannot determine local hostname
2024-02-02T16:05:11.507+02:00  INFO 10020 --- [           main] c.b.w.WeatherForecastApiApplicationTests : Started WeatherForecastApiApplicationTests in 4.748 seconds (process running for 6.2)
]]></system-out>
    <system-err><![CDATA[WARNING: A Java agent has been loaded dynamically (C:\Users\Dima\.m2\repository\net\bytebuddy\byte-buddy-agent\1.14.11\byte-buddy-agent-1.14.11.jar)
WARNING: If a serviceability tool is in use, please run with -XX:+EnableDynamicAgentLoading to hide this warning
WARNING: If a serviceability tool is not in use, please run with -Djdk.instrument.traceUsage for more information
WARNING: Dynamic loading of agents will be disallowed by default in a future release
]]></system-err>
  </testcase>
</testsuite>